<?xml version="1.0" encoding="UTF-8"?>
<testsuite name="SelenoidTests" tests="1" skipped="0" failures="0" errors="0" timestamp="2024-11-25T16:03:12" hostname="Air-Anatolij" time="5.386">
  <properties/>
  <testcase name="Логин с боди моделью" classname="SelenoidTests" time="5.386"/>
  <system-out><![CDATA[Request URI:	https://reqres.in/api/login
HTTP/1.1 200 OK
{
    "token": "QpwL5tke4Pnpja7X4"
}
]]></system-out>
  <system-err><![CDATA[]]></system-err>
</testsuite>
