<?xml version="1.0" encoding="UTF-8"?>
<testsuite name="com.github.kadehar.UserTest" tests="1" skipped="0" failures="1" errors="0" timestamp="2025-01-28T17:36:57" hostname="Air-Anatolij" time="2.115">
  <properties/>
  <testcase name="singleUserWithLombokModel()" classname="com.github.kadehar.UserTest" time="2.115">
    <failure message="java.lang.NullPointerException: Cannot invoke &quot;com.github.kadehar.lombok.User.getId()&quot; because the return value of &quot;com.github.kadehar.lombok.UserData.getUser()&quot; is null" type="java.lang.NullPointerException">java.lang.NullPointerException: Cannot invoke &quot;com.github.kadehar.lombok.User.getId()&quot; because the return value of &quot;com.github.kadehar.lombok.UserData.getUser()&quot; is null
	at com.github.kadehar.UserTest.singleUserWithLombokModel(UserTest.java:53)
	at java.base/java.lang.reflect.Method.invoke(Method.java:580)
	at java.base/java.util.ArrayList.forEach(ArrayList.java:1596)
	at java.base/java.util.ArrayList.forEach(ArrayList.java:1596)
</failure>
  </testcase>
  <system-out><![CDATA[Request URI:	https://reqres.in/api/users/2
Headers:		Accept=*/*
				Content-Type=application/json
Request method:	GET
Request URI:	https://reqres.in/api/users/2
Proxy:			<none>
Request params:	<none>
Query params:	<none>
Form params:	<none>
Path params:	<none>
Headers:		Accept=*/*
				Content-Type=application/json
Cookies:		<none>
Multiparts:		<none>
Body:			<none>
{
    "data": {
        "id": 2,
        "email": "janet.weaver@reqres.in",
        "first_name": "Janet",
        "last_name": "Weaver",
        "avatar": "https://reqres.in/img/faces/2-image.jpg"
    },
    "support": {
        "url": "https://contentcaddy.io?utm_source=reqres&utm_medium=json&utm_campaign=referral",
        "text": "Tired of writing endless social media content? Let Content Caddy generate it for you."
    }
}
]]></system-out>
  <system-err><![CDATA[]]></system-err>
</testsuite>
