<?xml version="1.0" encoding="UTF-8"?>
<testsuite name="ReqresInExtendedTest" tests="1" skipped="0" failures="0" errors="0" timestamp="2025-01-27T16:59:22" hostname="Air-Anatolij.bank.corp.centercredit.kz" time="3.539">
  <properties/>
  <testcase name="loginWithModelTestWithCustomSpecsTest()" classname="ReqresInExtendedTest" time="3.539"/>
  <system-out><![CDATA[Request URI:	https://reqres.in/api/login
Headers:		Accept=*/*
				Content-Type=application/json
Body:
{
    "email": "eve.holt@reqres.in",
    "password": "cityslicka"
}
{
    "token": "QpwL5tke4Pnpja7X4"
}
]]></system-out>
  <system-err><![CDATA[]]></system-err>
</testsuite>
