<?xml version="1.0" encoding="UTF-8"?>
<testsuite name="ReqresInTest" tests="1" skipped="0" failures="0" errors="0" timestamp="2025-01-27T11:07:44" hostname="Air-Anatolij.bank.corp.centercredit.kz" time="1.921">
  <properties/>
  <testcase name="createUser()" classname="ReqresInTest" time="1.921"/>
  <system-out><![CDATA[Request URI:	https://reqres.in/api/users
HTTP/1.1 201 Created
{
    "name": "Anatoliy",
    "job": "leader",
    "id": "210",
    "createdAt": "2025-01-27T11:07:46.363Z"
}
]]></system-out>
  <system-err><![CDATA[]]></system-err>
</testsuite>
